<?xml version="1.0" encoding="UTF-8"?>
<!-- Generated by org.testng.reporters.JUnitReportReporter -->
<testsuite hostname="ETV-STREAM-PC-2" failures="0" tests="2" name="com.herokuapp.restfulbooker.HealthCheckTest" time="4.923" errors="0" timestamp="2022-09-29T00:29:51 WAT" skipped="0">
  <testcase classname="com.herokuapp.restfulbooker.HealthCheckTest" name="headersCookies" time="3.034"/>
  <system-out/>
  <testcase classname="com.herokuapp.restfulbooker.HealthCheckTest" name="healthCheckTest" time="1.889"/>
  <system-out/>
</testsuite> <!-- com.herokuapp.restfulbooker.HealthCheckTest -->
