<?xml version="1.0" encoding="UTF-8"?>
<!-- Generated by org.testng.reporters.JUnitReportReporter -->
<testsuite hostname="ETV-STREAM-PC-2" failures="0" tests="2" name="com.herokuapp.restfulbooker.CreateBookingsTests" time="4.094" errors="0" timestamp="2022-09-29T06:12:51 WAT" skipped="1">
  <testcase classname="com.herokuapp.restfulbooker.CreateBookingsTests" name="creatBookingswithPOJO" time="4.094"/>
  <system-out/>
  <testcase classname="com.herokuapp.restfulbooker.CreateBookingsTests" name="createBookingsTests">
    <skipped/>
  </testcase> <!-- createBookingsTests -->
  <system-out/>
</testsuite> <!-- com.herokuapp.restfulbooker.CreateBookingsTests -->
