<?xml version="1.0" encoding="UTF-8"?>
<!-- Generated by org.testng.reporters.JUnitReportReporter -->
<testsuite hostname="ETV-STREAM-PC-2" failures="0" tests="2" name="com.herokuapp.restfulbooker.GetBookingTests" time="9.081" errors="0" timestamp="2022-09-29T04:55:36 WAT" skipped="0">
  <testcase classname="com.herokuapp.restfulbooker.GetBookingTests" name="getBookingsID_UsingXMlTests" time="2.996"/>
  <system-out/>
  <testcase classname="com.herokuapp.restfulbooker.GetBookingTests" name="getBookingsIDWIthFilterExerciseTest" time="6.085"/>
  <system-out/>
</testsuite> <!-- com.herokuapp.restfulbooker.GetBookingTests -->
