<?xml version="1.0" encoding="UTF-8"?>
<!-- Generated by org.testng.reporters.JUnitReportReporter -->
<testsuite hostname="ETV-STREAM-PC-2" failures="0" tests="1" name="com.herokuapp.restfulbooker.GetBookingsIDWIthFilterExerciseTest" time="4.591" errors="0" timestamp="2022-09-28T22:53:08 WAT" skipped="0">
  <testcase classname="com.herokuapp.restfulbooker.GetBookingsIDWIthFilterExerciseTest" name="getBookingsIDWIthFilterExerciseTest" time="4.591"/>
  <system-out/>
</testsuite> <!-- com.herokuapp.restfulbooker.GetBookingsIDWIthFilterExerciseTest -->
