<?xml version="1.0" encoding="UTF-8"?>
<!-- Generated by org.testng.reporters.JUnitReportReporter -->
<testsuite hostname="ETV-STREAM-PC-2" failures="0" tests="1" name="com.herokuapp.restfulbooker.GetBookingsTest" time="8.178" errors="0" timestamp="2022-09-26T13:08:14 WAT" skipped="0">
  <testcase classname="com.herokuapp.restfulbooker.GetBookingsTest" name="getBookingsIdWithoutFilterTest" time="8.178"/>
  <system-out/>
</testsuite> <!-- com.herokuapp.restfulbooker.GetBookingsTest -->
