<?xml version="1.0" encoding="UTF-8"?>
<!-- Generated by org.testng.reporters.JUnitReportReporter -->
<testsuite hostname="ETV-STREAM-PC-2" failures="0" tests="1" name="com.herokuapp.restfulbooker.AssertYila" time="4.800" errors="0" timestamp="2022-09-26T14:32:48 WAT" skipped="0">
  <testcase classname="com.herokuapp.restfulbooker.AssertYila" name="assertYila" time="4.800"/>
  <system-out/>
</testsuite> <!-- com.herokuapp.restfulbooker.AssertYila -->
