<?xml version="1.0" encoding="UTF-8"?>
<!-- Generated by org.testng.reporters.JUnitReportReporter -->
<testsuite hostname="ETV-STREAM-PC-2" failures="0" tests="1" name="com.herokuapp.restfulbooker.PartialUpdateBookingTests" time="5.916" errors="0" timestamp="2022-09-28T23:15:17 WAT" skipped="0">
  <testcase classname="com.herokuapp.restfulbooker.PartialUpdateBookingTests" name="partialUpdateBookingTest" time="5.916"/>
  <system-out/>
</testsuite> <!-- com.herokuapp.restfulbooker.PartialUpdateBookingTests -->
