<?xml version="1.0" encoding="UTF-8"?>
<!-- Generated by org.testng.reporters.JUnitReportReporter -->
<testsuite hostname="ETV-STREAM-PC-2" failures="0" tests="2" name="com.herokuapp.restfulbooker.GetBookingsIdsTest" time="6.521" errors="0" timestamp="2022-09-28T23:48:55 WAT" skipped="0">
  <testcase classname="com.herokuapp.restfulbooker.GetBookingsIdsTest" name="getBookingIdsWithFilterTest" time="3.806"/>
  <system-out/>
  <testcase classname="com.herokuapp.restfulbooker.GetBookingsIdsTest" name="getBookingsIdWithoutFilterTest" time="2.715"/>
  <system-out/>
</testsuite> <!-- com.herokuapp.restfulbooker.GetBookingsIdsTest -->
