<?xml version="1.0" encoding="UTF-8"?>
<!-- Generated by org.testng.reporters.JUnitReportReporter -->
<testsuite hostname="ETV-STREAM-PC-2" failures="0" tests="1" name="com.herokuapp.restfulbooker.GetBookingsTest" time="5.524" errors="0" timestamp="2022-09-28T22:51:07 WAT" skipped="0">
  <testcase classname="com.herokuapp.restfulbooker.GetBookingsTest" name="getBookingsIdWithoutFilterTest" time="5.524"/>
  <system-out/>
</testsuite> <!-- com.herokuapp.restfulbooker.GetBookingsTest -->
