<?xml version="1.0" encoding="UTF-8"?>
<!-- Generated by org.testng.reporters.JUnitReportReporter -->
<testsuite hostname="ETV-STREAM-PC-2" failures="0" tests="1" name="com.herokuapp.restfulbooker.UpdateBookingTests" time="6.070" errors="0" timestamp="2022-09-26T16:36:42 WAT" skipped="0">
  <testcase classname="com.herokuapp.restfulbooker.UpdateBookingTests" name="updateBookingTests" time="6.070"/>
  <system-out/>
</testsuite> <!-- com.herokuapp.restfulbooker.UpdateBookingTests -->
