<?xml version="1.0" encoding="UTF-8"?>
<!-- Generated by org.testng.reporters.JUnitReportReporter -->
<testsuite hostname="ETV-STREAM-PC-2" failures="0" tests="1" name="com.herokuapp.restfulbooker.DeleteBookingTests" time="8.941" errors="0" timestamp="2022-09-28T23:13:54 WAT" skipped="0">
  <testcase classname="com.herokuapp.restfulbooker.DeleteBookingTests" name="deleteBookingTest" time="8.941"/>
  <system-out/>
</testsuite> <!-- com.herokuapp.restfulbooker.DeleteBookingTests -->
